<?xml version="1.0" encoding="UTF-8"?>
<!-- Generated by org.testng.reporters.JUnitReportReporter -->
<testsuite hostname="MacBook-Pro-de-Ivan.local" failures="0" tests="1" name="com.opensource.qa.FacebookAutomat" time="3.724" errors="0" timestamp="23 feb. 2022 02:15:33 GMT" skipped="0">
  <testcase classname="com.opensource.qa.FacebookAutomat" name="face2" time="3.724"/>
</testsuite> <!-- com.opensource.qa.FacebookAutomat -->
