<?xml version="1.0" encoding="UTF-8"?>
<!-- Generated by org.testng.reporters.JUnitReportReporter -->
<testsuite hostname="MacBook-Pro-de-Ivan.local" failures="0" tests="1" name="com.opensource.qa.NewTest" time="0.005" errors="0" timestamp="24 feb. 2022 00:57:48 GMT" skipped="0">
  <testcase classname="com.opensource.qa.NewTest" name="f" time="0.005"/>
</testsuite> <!-- com.opensource.qa.NewTest -->
