<?xml version="1.0" encoding="UTF-8"?>
<!-- Generated by org.testng.reporters.JUnitReportReporter -->
<testsuite hostname="MacBook-Pro-de-Ivan.local" failures="0" tests="1" name="com.google.FirstTest" time="2.564" errors="0" timestamp="12 feb. 2022 17:51:43 GMT" skipped="0">
  <testcase classname="com.google.FirstTest" name="googleTest" time="2.564"/>
</testsuite> <!-- com.google.FirstTest -->
