<?xml version="1.0" encoding="UTF-8"?>
<!-- Generated by org.testng.reporters.JUnitReportReporter -->
<testsuite hostname="MacBook-Pro-de-Ivan.local" failures="0" tests="1" name="com.opensource.qa.FacebookAutomat" time="3.646" errors="0" timestamp="24 feb. 2022 00:21:58 GMT" skipped="0">
  <testcase classname="com.opensource.qa.FacebookAutomat" name="face2" time="3.646"/>
</testsuite> <!-- com.opensource.qa.FacebookAutomat -->
