<?xml version="1.0" encoding="UTF-8"?>
<!-- Generated by org.testng.reporters.JUnitReportReporter -->
<testsuite hostname="MacBook-Pro-de-Ivan.local" failures="0" tests="1" name="com.opensource.qa.FaceExample2" time="0.004" errors="0" timestamp="23 feb. 2022 02:18:19 GMT" skipped="0">
  <testcase classname="com.opensource.qa.FaceExample2" name="facebokk2" time="0.004"/>
</testsuite> <!-- com.opensource.qa.FaceExample2 -->
