<?xml version="1.0" encoding="UTF-8"?>
<!-- Generated by org.testng.reporters.JUnitReportReporter -->
<testsuite hostname="MacBook-Pro-de-Ivan.local" failures="0" tests="1" name="com.google.FirstTest" time="2.864" errors="0" timestamp="23 feb. 2022 02:14:13 GMT" skipped="0">
  <testcase classname="com.google.FirstTest" name="googleTest" time="2.864"/>
</testsuite> <!-- com.google.FirstTest -->
